<?xml version="1.0" encoding="UTF-8"?>
<testng-results ignored="0" total="1" passed="1" failed="0" skipped="0">
  <reporter-output>
  </reporter-output>
  <suite started-at="2021-01-28T03:23:48Z" name="Surefire suite" finished-at="2021-01-28T03:24:28Z" duration-ms="39846">
    <groups>
      <group name="cucumber">
        <method signature="TestRunner.runScenario(cucumber.api.testng.PickleEventWrapper, cucumber.api.testng.CucumberFeatureWrapper)[pri:0, instance:runner.TestRunner@37afeb11]" name="runScenario" class="runner.TestRunner"/>
      </group> <!-- cucumber -->
    </groups>
    <test started-at="2021-01-28T03:23:48Z" name="Surefire test" finished-at="2021-01-28T03:24:28Z" duration-ms="39846">
      <class name="runner.TestRunner">
        <test-method is-config="true" signature="setUpClass()[pri:0, instance:runner.TestRunner@37afeb11]" started-at="2021-01-28T03:23:48Z" name="setUpClass" finished-at="2021-01-28T03:23:56Z" duration-ms="7742" status="PASS">
          <reporter-output>
          </reporter-output>
        </test-method> <!-- setUpClass -->
        <test-method signature="runScenario(cucumber.api.testng.PickleEventWrapper, cucumber.api.testng.CucumberFeatureWrapper)[pri:0, instance:runner.TestRunner@37afeb11]" started-at="2021-01-28T03:23:56Z" name="runScenario" description="Runs Cucumber Feature" data-provider="scenarios" finished-at="2021-01-28T03:24:26Z" duration-ms="30224" status="PASS">
          <params>
            <param index="0">
              <value>
                <![CDATA["scenario is for creating an order on paypal and verifying the order details"]]>
              </value>
            </param>
            <param index="1">
              <value>
                <![CDATA["create an order on paypal"]]>
              </value>
            </param>
          </params>
          <reporter-output>
          </reporter-output>
        </test-method> <!-- runScenario -->
        <test-method is-config="true" signature="tearDownClass()[pri:0, instance:runner.TestRunner@37afeb11]" started-at="2021-01-28T03:24:26Z" name="tearDownClass" finished-at="2021-01-28T03:24:28Z" duration-ms="1716" status="PASS">
          <reporter-output>
          </reporter-output>
        </test-method> <!-- tearDownClass -->
      </class> <!-- runner.TestRunner -->
    </test> <!-- Surefire test -->
  </suite> <!-- Surefire suite -->
</testng-results>
