<?xml version="1.0" encoding="UTF-8"?>
<testng-results skipped="0" failed="0" ignored="0" total="1" passed="1">
  <reporter-output>
  </reporter-output>
  <suite name="Default suite" duration-ms="12100" started-at="2021-01-26T13:45:28Z" finished-at="2021-01-26T13:45:40Z">
    <groups>
      <group name="cucumber">
        <method signature="TestRunner.runScenario(cucumber.api.testng.PickleEventWrapper, cucumber.api.testng.CucumberFeatureWrapper)[pri:0, instance:runner.TestRunner@6b4a4e18]" name="runScenario" class="runner.TestRunner"/>
      </group> <!-- cucumber -->
    </groups>
    <test name="Default test" duration-ms="12100" started-at="2021-01-26T13:45:28Z" finished-at="2021-01-26T13:45:40Z">
      <class name="runner.TestRunner">
        <test-method status="PASS" signature="setUpClass()[pri:0, instance:runner.TestRunner@6b4a4e18]" name="setUpClass" is-config="true" duration-ms="1056" started-at="2021-01-26T13:45:28Z" finished-at="2021-01-26T13:45:29Z">
          <reporter-output>
          </reporter-output>
        </test-method> <!-- setUpClass -->
        <test-method status="PASS" signature="runScenario(cucumber.api.testng.PickleEventWrapper, cucumber.api.testng.CucumberFeatureWrapper)[pri:0, instance:runner.TestRunner@6b4a4e18]" name="runScenario" duration-ms="10342" started-at="2021-01-26T13:45:29Z" description="Runs Cucumber Feature" data-provider="scenarios" finished-at="2021-01-26T13:45:39Z">
          <params>
            <param index="0">
              <value>
                <![CDATA["scenario is for creating an order on paypal and verifying the order details"]]>
              </value>
            </param>
            <param index="1">
              <value>
                <![CDATA["create an order on paypal"]]>
              </value>
            </param>
          </params>
          <reporter-output>
          </reporter-output>
        </test-method> <!-- runScenario -->
        <test-method status="PASS" signature="tearDownClass()[pri:0, instance:runner.TestRunner@6b4a4e18]" name="tearDownClass" is-config="true" duration-ms="608" started-at="2021-01-26T13:45:39Z" finished-at="2021-01-26T13:45:40Z">
          <reporter-output>
          </reporter-output>
        </test-method> <!-- tearDownClass -->
      </class> <!-- runner.TestRunner -->
    </test> <!-- Default test -->
  </suite> <!-- Default suite -->
</testng-results>
